Determining if the pthread_create exist failed with the following output:
Change Dir: /home/kash14sat/Desktop/ROS Stuff/workspace/litefw/serial_bridge/build/CMakeFiles/CMakeTmp

Run Build Command:"/usr/bin/make" "cmTC_04d0f/fast"
/usr/bin/make -f CMakeFiles/cmTC_04d0f.dir/build.make CMakeFiles/cmTC_04d0f.dir/build
make[1]: Entering directory '/home/kash14sat/Desktop/ROS Stuff/workspace/litefw/serial_bridge/build/CMakeFiles/CMakeTmp'
Building C object CMakeFiles/cmTC_04d0f.dir/CheckSymbolExists.c.o
/usr/bin/cc    -o CMakeFiles/cmTC_04d0f.dir/CheckSymbolExists.c.o   -c "/home/kash14sat/Desktop/ROS Stuff/workspace/litefw/serial_bridge/build/CMakeFiles/CMakeTmp/CheckSymbolExists.c"
Linking C executable cmTC_04d0f
/usr/bin/cmake -E cmake_link_script CMakeFiles/cmTC_04d0f.dir/link.txt --verbose=1
/usr/bin/cc      -rdynamic CMakeFiles/cmTC_04d0f.dir/CheckSymbolExists.c.o  -o cmTC_04d0f 
CMakeFiles/cmTC_04d0f.dir/CheckSymbolExists.c.o: In function `main':
CheckSymbolExists.c:(.text+0x1b): undefined reference to `pthread_create'
collect2: error: ld returned 1 exit status
CMakeFiles/cmTC_04d0f.dir/build.make:97: recipe for target 'cmTC_04d0f' failed
make[1]: *** [cmTC_04d0f] Error 1
make[1]: Leaving directory '/home/kash14sat/Desktop/ROS Stuff/workspace/litefw/serial_bridge/build/CMakeFiles/CMakeTmp'
Makefile:126: recipe for target 'cmTC_04d0f/fast' failed
make: *** [cmTC_04d0f/fast] Error 2

File /home/kash14sat/Desktop/ROS Stuff/workspace/litefw/serial_bridge/build/CMakeFiles/CMakeTmp/CheckSymbolExists.c:
/* */
#include <pthread.h>

int main(int argc, char** argv)
{
  (void)argv;
#ifndef pthread_create
  return ((int*)(&pthread_create))[argc];
#else
  (void)argc;
  return 0;
#endif
}

